10/20/2017   673   7873   7     788222
10/20/2017   673   7873   7     788222
10/20/2017   673   7873   7     788222
10/20/2017   673   7873   7     788222
10/20/2017   673   7873   7     788222
10/20/2017   673   7873   8     788222
10/20/2017   673   7873   8     788222
10/20/2017   673   7873   8     788222
10/20/2017   673   7873   5     788222
10/20/2017   673   7873   54     788222
10/20/2017   673   7873   6     788222
10/20/2017   673   7873   7     788222
10/20/2017   673   7873   7     788222
10/20/2017   673   7873   7     788222
10/20/2017   673   7873   7     788222
10/20/2017   673   7873   3     788222
10/20/2017   673   7873   3     788222
10/20/2017   673   7873   3     788222
10/20/2017   673   7873   3     788222
10/20/2017   673   7873   3     788222
10/20/2017   673   7873   33     788222
10/20/2017   673   7873   33     788222
10/20/2017   673   7873   33     788222
10/20/2017   673   7873   33     788222
10/20/2017   673   7873   33     788222
10/20/2017   673   7873   33     788222
10/20/2017   673   7873   33     788222
10/20/2017   673   7873   33     788222
10/20/2017   673   7873   33     788222
10/20/2017   673   7873   33     788222
10/20/2017   673   7873   33     788222
10/20/2017   673   7873   33     788222
10/20/2017   673   7873   15     788222
10/20/2017   673   7873   15     788222
10/20/2017   673   7873   17     788222
10/20/2017   673   7873   18     788222
10/20/2017   673   7873   18     788222
10/20/2017   673   7873   18     788222
10/20/2017   673   7873   18     788222
10/20/2017   673   7873   18     788222
10/20/2017   673   7873   18     788222
10/20/2017   673   7873   18     788222
10/20/2017   673   7873   18     788222
10/20/2017   673   7873   18     788222
10/20/2017   673   7873   18     788222
10/20/2017   673   7873   18     788222
10/20/2017   673   7873   18     788222
10/20/2017   673   7873   18     788222
10/20/2017   673   7873   18     788222
10/20/2017   673   7873   18     788222
10/20/2017   673   7873   18     788222
10/20/2017   673   7873   18     788222
10/20/2017   673   7873   18     788222
10/20/2017   673   7873   18     788222
10/20/2017   673   7873   18     788222
10/20/2017   673   7873   18     788222
10/20/2017   673   7873   18     788222
10/20/2017   673   7873   18     788222
10/20/2017   673   7873   18     788222
10/20/2017   673   7873   18     788222
10/20/2017   673   7873   18     788222
10/20/2017   673   7873   18     788222
10/20/2017   673   7873   18     788222
10/20/2017   673   7873   18     788222
10/20/2017   673   7873   18     788222
10/20/2017   673   7873   5     788222
10/20/2017   673   7873   7     788222
10/20/2017   673   7873   7     788222
10/20/2017   673   7873   7     788222
10/20/2017   673   7873   7     788222
10/20/2017   673   7873   77     788222
10/20/2017   673   7873   77     788222
10/20/2017   673   7873   77     788222
10/20/2017   673   7873   77     788222
10/20/2017   673   7873   77     788222
10/20/2017   673   7873   77     788222
10/20/2017   673   7873   77     788222
10/20/2017   673   7873   77     788222
10/20/2017   673   7873   77     788222
10/20/2017   673   7873   77     788222
10/20/2017   673   7873   77     788222
10/20/2017   673   7873   77     788222
10/20/2017   673   7873   77     788222
10/20/2017   673   7873   7     788222
10/20/2017   673   7873   7     788222
10/20/2017   673   7873   15     788222
10/20/2017   673   7873   1     788222
10/20/2017   673   7873   1     788222
10/20/2017   673   7873   1     788222
10/20/2017   673   7873   1     788222
10/20/2017   673   7873   15     788222
10/20/2017   673   7873   15     788222
10/20/2017   673   7873   15     788222
10/20/2017   673   7873   15     788222
10/20/2017   673   7873   15     788222
10/20/2017   673   7873   15     788222
10/20/2017   673   7873   15     788222
10/20/2017   673   7873   1     788222
10/20/2017   673   7873   1     788222
10/20/2017   673   7873   1     788222
10/20/2017   673   7873   1     788222
10/20/2017   673   7873   1     788222
10/20/2017   673   7873   1     788222
10/20/2017   673   7873   1     788222
10/20/2017   673   7873   1     788222
10/20/2017   673   7873   1     788222
10/20/2017   673   7873   15     788222
10/20/2017   673   7873   1     788222
10/20/2017   673   7873   1     788222
10/20/2017   673   7873   15     788222
10/20/2017   673   7873   15     788222
10/20/2017   673   7873   1     788222
10/20/2017   673   7873   1     788222
10/20/2017   673   7873   1     788222
10/20/2017   673   7873   1     788222
10/20/2017   673   7873   1     788222
10/20/2017   673   7873   1     788222
10/20/2017   673   7873   1     788222
10/20/2017   673   7873   1     788222
10/20/2017   673   7873   1     788222
10/20/2017   673   7873   1     788222
10/20/2017   673   7873   1     788222
10/20/2017   673   7873   15     788222
10/20/2017   673   7873   15     788222
10/20/2017   673   7873   1     788222
10/20/2017   673   7873   1     788222
10/20/2017   673   7873   1     788222
10/20/2017   673   7873   15     788222
10/20/2017   673   7873   15     788222
10/20/2017   673   7873   15     788222
10/20/2017   673   7873   15     788222
10/20/2017   673   7873   15     788222
10/20/2017   673   7873   15     788222
10/20/2017   673   7873   15     788222
10/20/2017   673   7873   15     788222
10/20/2017   673   7873   1     788222
10/20/2017   673   7873   1     788222
10/20/2017   673   7873   15     788222
10/20/2017   673   7873   15     788222
10/20/2017   673   7873   1     788222
10/20/2017   673   7873   1     788222
10/20/2017   673   7873   15     788222
10/20/2017   673   7873   15     788222
10/20/2017   673   7873   15     788222
10/20/2017   673   7873   1     788222
10/20/2017   673   7873   1     788222
10/20/2017   673   7873   15     788222
10/20/2017   673   7873   15     788222
10/20/2017   673   7873   1     788222
10/20/2017   673   7873   1     788222
10/20/2017   673   7873   15     788222
10/20/2017   673   7873   15     788222
10/20/2017   673   7873   1     788222
10/20/2017   673   7873   1     788222
